<?xml version="1.0" encoding="UTF-8"?>
<testng-results skipped="0" failed="0" ignored="0" total="4" passed="4">
  <reporter-output>
  </reporter-output>
  <suite name="Suite" duration-ms="105557" started-at="2020-06-30T09:29:03Z" finished-at="2020-06-30T09:30:48Z">
    <groups>
      <group name="regression">
        <method signature="AlertsTypes.handlingDifferentAlerts()[pri:0, instance:com.herokuapp.theinternet.Elements.AlertsTypes@64d2d351]" name="handlingDifferentAlerts" class="com.herokuapp.theinternet.Elements.AlertsTypes"/>
        <method signature="CheckBoxClick.clickCheckBox()[pri:1, instance:com.herokuapp.theinternet.Elements.CheckBoxClick@57d5872c]" name="clickCheckBox" class="com.herokuapp.theinternet.Elements.CheckBoxClick"/>
      </group> <!-- regression -->
      <group name="smoke">
        <method signature="CheckBoxClick.clickCheckBox()[pri:1, instance:com.herokuapp.theinternet.Elements.CheckBoxClick@57d5872c]" name="clickCheckBox" class="com.herokuapp.theinternet.Elements.CheckBoxClick"/>
        <method signature="DropDownSelect.SelectdropDown()[pri:0, instance:com.herokuapp.theinternet.Elements.DropDownSelect@400cff1a]" name="SelectdropDown" class="com.herokuapp.theinternet.Elements.DropDownSelect"/>
      </group> <!-- smoke -->
    </groups>
    <test name="AlertsTypesTest" duration-ms="58395" started-at="2020-06-30T09:29:03Z" finished-at="2020-06-30T09:30:01Z">
      <class name="com.herokuapp.theinternet.Elements.AlertsTypes">
        <test-method status="PASS" signature="sys()[pri:0, instance:com.herokuapp.theinternet.Elements.AlertsTypes@64d2d351]" name="sys" is-config="true" duration-ms="20" started-at="2020-06-30T09:29:03Z" finished-at="2020-06-30T09:29:03Z">
          <reporter-output>
          </reporter-output>
        </test-method> <!-- sys -->
        <test-method status="PASS" signature="A(org.testng.ITestContext)[pri:0, instance:com.herokuapp.theinternet.Elements.AlertsTypes@64d2d351]" name="A" is-config="true" duration-ms="4" started-at="2020-06-30T09:29:03Z" finished-at="2020-06-30T09:29:03Z">
          <params>
            <param index="0">
              <value>
                <![CDATA[org.testng.TestRunner@5922ae77]]>
              </value>
            </param>
          </params>
          <reporter-output>
          </reporter-output>
        </test-method> <!-- A -->
        <test-method status="PASS" signature="setUp(java.lang.String, java.lang.String, org.testng.ITestContext)[pri:0, instance:com.herokuapp.theinternet.Elements.AlertsTypes@64d2d351]" name="setUp" is-config="true" duration-ms="4342" started-at="2020-06-30T09:29:03Z" finished-at="2020-06-30T09:29:07Z">
          <params>
            <param index="0">
              <value>
                <![CDATA[chrome]]>
              </value>
            </param>
            <param index="1">
              <value>
                <![CDATA[http://192.168.0.101:4444/wd/hub]]>
              </value>
            </param>
            <param index="2">
              <value>
                <![CDATA[org.testng.TestRunner@5922ae77]]>
              </value>
            </param>
          </params>
          <reporter-output>
          </reporter-output>
        </test-method> <!-- setUp -->
        <test-method status="PASS" signature="handlingDifferentAlerts()[pri:0, instance:com.herokuapp.theinternet.Elements.AlertsTypes@64d2d351]" name="handlingDifferentAlerts" duration-ms="49029" started-at="2020-06-30T09:29:07Z" finished-at="2020-06-30T09:29:56Z">
          <reporter-output>
          </reporter-output>
        </test-method> <!-- handlingDifferentAlerts -->
        <test-method status="PASS" signature="tearDown()[pri:0, instance:com.herokuapp.theinternet.Elements.AlertsTypes@64d2d351]" name="tearDown" is-config="true" duration-ms="4982" started-at="2020-06-30T09:29:56Z" finished-at="2020-06-30T09:30:01Z">
          <reporter-output>
          </reporter-output>
        </test-method> <!-- tearDown -->
      </class> <!-- com.herokuapp.theinternet.Elements.AlertsTypes -->
    </test> <!-- AlertsTypesTest -->
    <test name="CheckBoxTest" duration-ms="29615" started-at="2020-06-30T09:30:01Z" finished-at="2020-06-30T09:30:31Z">
      <class name="com.herokuapp.theinternet.Elements.CheckBoxClick">
        <test-method status="PASS" signature="sys()[pri:0, instance:com.herokuapp.theinternet.Elements.CheckBoxClick@57d5872c]" name="sys" is-config="true" duration-ms="1" started-at="2020-06-30T09:30:01Z" finished-at="2020-06-30T09:30:01Z">
          <reporter-output>
          </reporter-output>
        </test-method> <!-- sys -->
        <test-method status="PASS" signature="setUp(java.lang.String, java.lang.String, org.testng.ITestContext)[pri:0, instance:com.herokuapp.theinternet.Elements.CheckBoxClick@57d5872c]" name="setUp" is-config="true" duration-ms="3233" started-at="2020-06-30T09:30:01Z" finished-at="2020-06-30T09:30:05Z">
          <params>
            <param index="0">
              <value>
                <![CDATA[chrome]]>
              </value>
            </param>
            <param index="1">
              <value>
                <![CDATA[http://192.168.0.101:4444/wd/hub]]>
              </value>
            </param>
            <param index="2">
              <value>
                <![CDATA[org.testng.TestRunner@4263b080]]>
              </value>
            </param>
          </params>
          <reporter-output>
          </reporter-output>
        </test-method> <!-- setUp -->
        <test-method status="PASS" signature="A(org.testng.ITestContext)[pri:0, instance:com.herokuapp.theinternet.Elements.CheckBoxClick@57d5872c]" name="A" is-config="true" duration-ms="0" started-at="2020-06-30T09:30:01Z" finished-at="2020-06-30T09:30:01Z">
          <params>
            <param index="0">
              <value>
                <![CDATA[org.testng.TestRunner@4263b080]]>
              </value>
            </param>
          </params>
          <reporter-output>
          </reporter-output>
        </test-method> <!-- A -->
        <test-method status="PASS" signature="clickCheckBox()[pri:1, instance:com.herokuapp.theinternet.Elements.CheckBoxClick@57d5872c]" name="clickCheckBox" duration-ms="25767" started-at="2020-06-30T09:30:05Z" finished-at="2020-06-30T09:30:30Z">
          <reporter-output>
          </reporter-output>
        </test-method> <!-- clickCheckBox -->
        <test-method status="PASS" signature="tearDown()[pri:0, instance:com.herokuapp.theinternet.Elements.CheckBoxClick@57d5872c]" name="tearDown" is-config="true" duration-ms="614" started-at="2020-06-30T09:30:30Z" finished-at="2020-06-30T09:30:31Z">
          <reporter-output>
          </reporter-output>
        </test-method> <!-- tearDown -->
      </class> <!-- com.herokuapp.theinternet.Elements.CheckBoxClick -->
    </test> <!-- CheckBoxTest -->
    <test name="DropDownTest" duration-ms="17521" started-at="2020-06-30T09:30:31Z" finished-at="2020-06-30T09:30:48Z">
      <class name="com.herokuapp.theinternet.Elements.DropDownSelect">
        <test-method status="PASS" signature="sys()[pri:0, instance:com.herokuapp.theinternet.Elements.DropDownSelect@400cff1a]" name="sys" is-config="true" duration-ms="0" started-at="2020-06-30T09:30:31Z" finished-at="2020-06-30T09:30:31Z">
          <reporter-output>
          </reporter-output>
        </test-method> <!-- sys -->
        <test-method status="PASS" signature="setUp(java.lang.String, java.lang.String, org.testng.ITestContext)[pri:0, instance:com.herokuapp.theinternet.Elements.DropDownSelect@400cff1a]" name="setUp" is-config="true" duration-ms="2966" started-at="2020-06-30T09:30:31Z" finished-at="2020-06-30T09:30:34Z">
          <params>
            <param index="0">
              <value>
                <![CDATA[chrome]]>
              </value>
            </param>
            <param index="1">
              <value>
                <![CDATA[http://192.168.0.101:4444/wd/hub]]>
              </value>
            </param>
            <param index="2">
              <value>
                <![CDATA[org.testng.TestRunner@2af616d3]]>
              </value>
            </param>
          </params>
          <reporter-output>
          </reporter-output>
        </test-method> <!-- setUp -->
        <test-method status="PASS" signature="A(org.testng.ITestContext)[pri:0, instance:com.herokuapp.theinternet.Elements.DropDownSelect@400cff1a]" name="A" is-config="true" duration-ms="0" started-at="2020-06-30T09:30:31Z" finished-at="2020-06-30T09:30:31Z">
          <params>
            <param index="0">
              <value>
                <![CDATA[org.testng.TestRunner@2af616d3]]>
              </value>
            </param>
          </params>
          <reporter-output>
          </reporter-output>
        </test-method> <!-- A -->
        <test-method status="PASS" signature="SelectdropDown()[pri:0, instance:com.herokuapp.theinternet.Elements.DropDownSelect@400cff1a]" name="SelectdropDown" duration-ms="13943" started-at="2020-06-30T09:30:34Z" finished-at="2020-06-30T09:30:48Z">
          <reporter-output>
          </reporter-output>
        </test-method> <!-- SelectdropDown -->
        <test-method status="PASS" signature="tearDown()[pri:0, instance:com.herokuapp.theinternet.Elements.DropDownSelect@400cff1a]" name="tearDown" is-config="true" duration-ms="611" started-at="2020-06-30T09:30:48Z" finished-at="2020-06-30T09:30:48Z">
          <reporter-output>
          </reporter-output>
        </test-method> <!-- tearDown -->
      </class> <!-- com.herokuapp.theinternet.Elements.DropDownSelect -->
    </test> <!-- DropDownTest -->
  </suite> <!-- Suite -->
  <suite name="Suite (0)" duration-ms="17929" started-at="2020-06-30T09:30:48Z" finished-at="2020-06-30T09:31:06Z">
    <groups>
    </groups>
    <test name="TableWithFilterTest" duration-ms="17929" started-at="2020-06-30T09:30:48Z" finished-at="2020-06-30T09:31:06Z">
      <class name="com.herokuapp.theinternet.Elements.TableWithFilter">
        <test-method status="PASS" signature="sys()[pri:0, instance:com.herokuapp.theinternet.Elements.TableWithFilter@5d47c63f]" name="sys" is-config="true" duration-ms="0" started-at="2020-06-30T09:30:48Z" finished-at="2020-06-30T09:30:48Z">
          <reporter-output>
          </reporter-output>
        </test-method> <!-- sys -->
        <test-method status="PASS" signature="A(org.testng.ITestContext)[pri:0, instance:com.herokuapp.theinternet.Elements.TableWithFilter@5d47c63f]" name="A" is-config="true" duration-ms="0" started-at="2020-06-30T09:30:48Z" finished-at="2020-06-30T09:30:48Z">
          <params>
            <param index="0">
              <value>
                <![CDATA[org.testng.TestRunner@71f67a79]]>
              </value>
            </param>
          </params>
          <reporter-output>
          </reporter-output>
        </test-method> <!-- A -->
        <test-method status="PASS" signature="setUp(java.lang.String, java.lang.String, org.testng.ITestContext)[pri:0, instance:com.herokuapp.theinternet.Elements.TableWithFilter@5d47c63f]" name="setUp" is-config="true" duration-ms="3430" started-at="2020-06-30T09:30:48Z" finished-at="2020-06-30T09:30:52Z">
          <params>
            <param index="0">
              <value>
                <![CDATA[chrome]]>
              </value>
            </param>
            <param index="1">
              <value>
                <![CDATA[http://192.168.0.101:4444/wd/hub]]>
              </value>
            </param>
            <param index="2">
              <value>
                <![CDATA[org.testng.TestRunner@71f67a79]]>
              </value>
            </param>
          </params>
          <reporter-output>
          </reporter-output>
        </test-method> <!-- setUp -->
        <test-method status="PASS" signature="filterTable()[pri:0, instance:com.herokuapp.theinternet.Elements.TableWithFilter@5d47c63f]" name="filterTable" duration-ms="13877" started-at="2020-06-30T09:30:52Z" finished-at="2020-06-30T09:31:06Z">
          <reporter-output>
          </reporter-output>
        </test-method> <!-- filterTable -->
        <test-method status="PASS" signature="tearDown()[pri:0, instance:com.herokuapp.theinternet.Elements.TableWithFilter@5d47c63f]" name="tearDown" is-config="true" duration-ms="621" started-at="2020-06-30T09:31:06Z" finished-at="2020-06-30T09:31:06Z">
          <reporter-output>
          </reporter-output>
        </test-method> <!-- tearDown -->
      </class> <!-- com.herokuapp.theinternet.Elements.TableWithFilter -->
    </test> <!-- TableWithFilterTest -->
  </suite> <!-- Suite (0) -->
</testng-results>
