<?xml version="1.0" encoding="UTF-8"?>
<testng-results skipped="0" failed="0" ignored="0" total="1" passed="1">
  <reporter-output>
  </reporter-output>
  <suite name="Suite" duration-ms="18757" started-at="2020-06-29T08:31:56Z" finished-at="2020-06-29T08:32:15Z">
    <groups>
    </groups>
    <test name="TableWithFilterTest" duration-ms="18757" started-at="2020-06-29T08:31:56Z" finished-at="2020-06-29T08:32:15Z">
      <class name="com.herokuapp.theinternet.Elements.TableWithFilter">
        <test-method status="PASS" signature="sys()[pri:0, instance:com.herokuapp.theinternet.Elements.TableWithFilter@78047b92]" name="sys" is-config="true" duration-ms="10" started-at="2020-06-29T08:31:56Z" finished-at="2020-06-29T08:31:56Z">
          <reporter-output>
          </reporter-output>
        </test-method> <!-- sys -->
        <test-method status="PASS" signature="A(org.testng.ITestContext)[pri:0, instance:com.herokuapp.theinternet.Elements.TableWithFilter@78047b92]" name="A" is-config="true" duration-ms="4" started-at="2020-06-29T08:31:56Z" finished-at="2020-06-29T08:31:56Z">
          <params>
            <param index="0">
              <value>
                <![CDATA[org.testng.TestRunner@531c311e]]>
              </value>
            </param>
          </params>
          <reporter-output>
          </reporter-output>
        </test-method> <!-- A -->
        <test-method status="PASS" signature="setUp(java.lang.String, java.lang.String, org.testng.ITestContext)[pri:0, instance:com.herokuapp.theinternet.Elements.TableWithFilter@78047b92]" name="setUp" is-config="true" duration-ms="4765" started-at="2020-06-29T08:31:56Z" finished-at="2020-06-29T08:32:01Z">
          <params>
            <param index="0">
              <value>
                <![CDATA[chrome]]>
              </value>
            </param>
            <param index="1">
              <value>
                <![CDATA[http://192.168.0.101:4444/wd/hub]]>
              </value>
            </param>
            <param index="2">
              <value>
                <![CDATA[org.testng.TestRunner@531c311e]]>
              </value>
            </param>
          </params>
          <reporter-output>
          </reporter-output>
        </test-method> <!-- setUp -->
        <test-method status="PASS" signature="filterTable()[pri:0, instance:com.herokuapp.theinternet.Elements.TableWithFilter@78047b92]" name="filterTable" duration-ms="9418" started-at="2020-06-29T08:32:01Z" finished-at="2020-06-29T08:32:10Z">
          <reporter-output>
          </reporter-output>
        </test-method> <!-- filterTable -->
        <test-method status="PASS" signature="tearDown()[pri:0, instance:com.herokuapp.theinternet.Elements.TableWithFilter@78047b92]" name="tearDown" is-config="true" duration-ms="4542" started-at="2020-06-29T08:32:10Z" finished-at="2020-06-29T08:32:15Z">
          <reporter-output>
          </reporter-output>
        </test-method> <!-- tearDown -->
      </class> <!-- com.herokuapp.theinternet.Elements.TableWithFilter -->
    </test> <!-- TableWithFilterTest -->
  </suite> <!-- Suite -->
</testng-results>
